{
    "level": "info",
    "message": "Data source has been initialized successfully"
}
{
    "level": "info",
    "message": "HTTP REST API server running at http://localhost:9001"
}
{
    "level": "info",
    "message": "Data source has been initialized successfully"
}
{
    "level": "info",
    "message": "HTTP REST API server running at http://localhost:9001"
}
{
    "level": "info",
    "message": "Data source has been initialized successfully"
}
{
    "level": "info",
    "message": "HTTP REST API server running at http://localhost:9001"
}
{
    "level": "info",
    "message": "Data source has been initialized successfully"
}
{
    "level": "info",
    "message": "HTTP REST API server running at http://localhost:9001"
}
{
    "level": "info",
    "message": "Data source has been initialized successfully"
}
{
    "level": "info",
    "message": "HTTP REST API server running at http://localhost:9001"
}
{
    "level": "info",
    "message": "Data source has been initialized successfully"
}
{
    "level": "info",
    "message": "HTTP REST API server running at http://localhost:9001"
}
{
    "level": "info",
    "message": "Data source has been initialized successfully"
}
{
    "level": "info",
    "message": "HTTP REST API server running at http://localhost:9001"
}
{
    "level": "info",
    "message": "Data source has been initialized successfully"
}
{
    "level": "info",
    "message": "HTTP REST API server running at http://localhost:9001"
}
{
    "level": "info",
    "message": "Data source has been initialized successfully"
}
{
    "level": "info",
    "message": "HTTP REST API server running at http://localhost:9001"
}
{
    "level": "info",
    "message": "Data source has been initialized successfully"
}
{
    "level": "info",
    "message": "HTTP REST API server running at http://localhost:9001"
}
{
    "level": "info",
    "message": "Data source has been initialized successfully"
}
{
    "level": "info",
    "message": "HTTP REST API server running at http://localhost:9001"
}
{
    "level": "info",
    "message": "Data source has been initialized successfully"
}
{
    "level": "info",
    "message": "HTTP REST API server running at http://localhost:9001"
}
{
    "level": "info",
    "message": "Data source has been initialized successfully"
}
{
    "level": "info",
    "message": "HTTP REST API server running at http://localhost:9001"
}
{
    "level": "info",
    "message": "Data source has been initialized successfully"
}
{
    "level": "info",
    "message": "HTTP REST API server running at http://localhost:9001"
}
{
    "level": "info",
    "message": "Data source has been initialized successfully"
}
{
    "level": "info",
    "message": "HTTP REST API server running at http://localhost:9001"
}
{
    "level": "info",
    "message": "Data source has been initialized successfully"
}
{
    "level": "info",
    "message": "HTTP REST API server running at http://localhost:9001"
}
{
    "level": "info",
    "message": "Data source has been initialized successfully"
}
{
    "level": "info",
    "message": "HTTP REST API server running at http://localhost:9001"
}
{
    "level": "info",
    "message": "Data source has been initialized successfully"
}
{
    "level": "info",
    "message": "HTTP REST API server running at http://localhost:9001"
}
{
    "level": "info",
    "message": "Data source has been initialized successfully"
}
{
    "level": "info",
    "message": "HTTP REST API server running at http://localhost:9001"
}
{
    "level": "info",
    "message": "Data source has been initialized successfully"
}
{
    "level": "info",
    "message": "HTTP REST API server running at http://localhost:9001"
}
{
    "level": "info",
    "message": "Data source has been initialized successfully"
}
{
    "level": "info",
    "message": "HTTP REST API server running at http://localhost:9001"
}
{
    "level": "info",
    "message": "Data source has been initialized successfully"
}
{
    "level": "info",
    "message": "HTTP REST API server running at http://localhost:9001"
}
{
    "level": "info",
    "message": "Data source has been initialized successfully"
}
{
    "level": "info",
    "message": "HTTP REST API server running at http://localhost:9001"
}
{
    "level": "info",
    "message": "Data source has been initialized successfully"
}
{
    "level": "info",
    "message": "HTTP REST API server running at http://localhost:9001"
}
{
    "level": "info",
    "message": "Data source has been initialized successfully"
}
{
    "level": "info",
    "message": "HTTP REST API server running at http://localhost:9001"
}
{
    "level": "info",
    "message": "Data source has been initialized successfully"
}
{
    "level": "info",
    "message": "HTTP REST API server running at http://localhost:9001"
}
{
    "level": "info",
    "message": "Data source has been initialized successfully"
}
{
    "level": "info",
    "message": "HTTP REST API server running at http://localhost:9001"
}
{
    "level": "info",
    "message": "Data source has been initialized successfully"
}
{
    "level": "info",
    "message": "HTTP REST API server running at http://localhost:9001"
}
{
    "level": "info",
    "message": "Data source has been initialized successfully"
}
{
    "level": "info",
    "message": "HTTP REST API server running at http://localhost:9001"
}
{
    "level": "info",
    "message": "Data source has been initialized successfully"
}
{
    "level": "info",
    "message": "HTTP REST API server running at http://localhost:9001"
}
{
    "level": "info",
    "message": "Data source has been initialized successfully"
}
{
    "level": "info",
    "message": "Data source has been initialized successfully"
}
{
    "level": "info",
    "message": "HTTP REST API server running at http://localhost:9001"
}
{
    "level": "debug",
    "message": "Called getAllItems()"
}
{
    "level": "info",
    "message": "Data source has been initialized successfully"
}
{
    "level": "info",
    "message": "HTTP REST API server running at http://localhost:9001"
}
{
    "level": "debug",
    "message": "Called getAllItems()"
}
